  engine.cpp
  fliphorizontal.cpp
C:\Users\skand\Documents\University\5sem\ImageProcessing\App\App\fliphorizontal.cpp(45,44): warning C4244: '=': conversion from 'float' to 'T', possible loss of data
          with
          [
              T=unsigned char
          ]
C:\Users\skand\Documents\University\5sem\ImageProcessing\App\App\fliphorizontal.cpp(56,44): warning C4244: '=': conversion from 'float' to 'T', possible loss of data
          with
          [
              T=unsigned char
          ]
C:\Users\skand\Documents\University\5sem\ImageProcessing\App\App\fliphorizontal.cpp(58,44): warning C4244: '=': conversion from 'float' to 'T', possible loss of data
          with
          [
              T=unsigned char
          ]
C:\Users\skand\Documents\University\5sem\ImageProcessing\App\App\fliphorizontal.cpp(60,44): warning C4244: '=': conversion from 'float' to 'T', possible loss of data
          with
          [
              T=unsigned char
          ]
  Generating Code...
  App.vcxproj -> C:\Users\skand\Documents\University\5sem\ImageProcessing\App\x64\Debug\App.exe
